#
# There is insufficient memory for the Java Runtime Environment to continue.
# Native memory allocation (malloc) failed to allocate 1048576 bytes for AllocateHeap
# Possible reasons:
#   The system is out of physical RAM or swap space
#   In 32 bit mode, the process size limit was hit
# Possible solutions:
#   Reduce memory load on the system
#   Increase physical memory or swap space
#   Check if swap backing store is full
#   Use 64 bit Java on a 64 bit OS
#   Decrease Java heap size (-Xmx/-Xms)
#   Decrease number of Java threads
#   Decrease Java thread stack sizes (-Xss)
#   Set larger code cache with -XX:ReservedCodeCacheSize=
# This output file may be truncated or incomplete.
#
#  Out of Memory Error (memory/allocation.inline.hpp:61), pid=16192, tid=14520
#
# JRE version:  (8.0_91-b15) (build )
# Java VM: Java HotSpot(TM) 64-Bit Server VM (25.91-b15 mixed mode windows-amd64 compressed oops)
# Failed to write core dump. Minidumps are not enabled by default on client versions of Windows
#

---------------  T H R E A D  ---------------

Current thread (0x0000000004720800):  JavaThread "Unknown thread" [_thread_in_vm, id=14520, stack(0x0000000004560000,0x0000000004660000)]

Stack: [0x0000000004560000,0x0000000004660000]
[error occurred during error reporting (printing stack bounds), id 0xc0000005]

Native frames: (J=compiled Java code, j=interpreted, Vv=VM code, C=native code)


---------------  P R O C E S S  ---------------

Java Threads: ( => current thread )

Other Threads:

=>0x0000000004720800 (exited) JavaThread "Unknown thread" [_thread_in_vm, id=14520, stack(0x0000000004560000,0x0000000004660000)]

VM state:not at safepoint (normal execution)

VM Mutex/Monitor currently owned by a thread: None

Heap:
 PSYoungGen      total 38400K, used 665K [0x00000000d5580000, 0x00000000d8000000, 0x0000000100000000)
  eden space 33280K, 2% used [0x00000000d5580000,0x00000000d5626670,0x00000000d7600000)
  from space 5120K, 0% used [0x00000000d7b00000,0x00000000d7b00000,0x00000000d8000000)
  to   space 5120K, 0% used [0x00000000d7600000,0x00000000d7600000,0x00000000d7b00000)
 ParOldGen       total 87552K, used 0K [0x0000000080000000, 0x0000000085580000, 0x00000000d5580000)
  object space 87552K, 0% used [0x0000000080000000,0x0000000080000000,0x0000000085580000)
 Metaspace       used 783K, capacity 1092K, committed 1152K, reserved 1060864K
  class space    used 75K, capacity 384K, committed 384K, reserved 1048576K

Card table byte_map: [0x0000000013be0000,0x0000000013ff0000] byte_map_base: 0x00000000137e0000

Marking Bits: (ParMarkBitMap*) 0x0000000075a52f70
 Begin Bits: [0x00000000146a0000, 0x00000000166a0000)
 End Bits:   [0x00000000166a0000, 0x00000000186a0000)

Polling page: 0x0000000002740000

CodeCache: size=245760Kb used=328Kb max_used=328Kb free=245431Kb
 bounds [0x0000000004820000, 0x0000000004a90000, 0x0000000013820000]
 total_blobs=58 nmethods=0 adapters=38
 compilation: enabled

Compilation events (0 events):
No events

GC Heap History (0 events):
No events

Deoptimization events (0 events):
No events

Internal exceptions (0 events):
No events

Events (10 events):
Event: 0.024 loading class java/lang/Short
Event: 0.024 loading class java/lang/Short done
Event: 0.024 loading class java/lang/Integer
Event: 0.024 loading class java/lang/Integer done
Event: 0.024 loading class java/lang/Long
Event: 0.024 loading class java/lang/Long done
Event: 0.025 loading class java/lang/NullPointerException
Event: 0.025 loading class java/lang/NullPointerException done
Event: 0.025 loading class java/lang/ArithmeticException
Event: 0.025 loading class java/lang/ArithmeticException done


Dynamic libraries:
0x00007ff7e2e30000 - 0x00007ff7e2e67000 	C:\Program Files\Java\jdk1.8.0_91\bin\java.exe
0x00007ffa48b70000 - 0x00007ffa48d50000 	C:\WINDOWS\SYSTEM32\ntdll.dll
0x00007ffa46150000 - 0x00007ffa461fe000 	C:\WINDOWS\System32\KERNEL32.DLL
0x00007ffa45b20000 - 0x00007ffa45d86000 	C:\WINDOWS\System32\KERNELBASE.dll
0x00007ffa48020000 - 0x00007ffa480c1000 	C:\WINDOWS\System32\ADVAPI32.dll
0x00007ffa48100000 - 0x00007ffa4819d000 	C:\WINDOWS\System32\msvcrt.dll
0x00007ffa48580000 - 0x00007ffa485db000 	C:\WINDOWS\System32\sechost.dll
0x00007ffa47ce0000 - 0x00007ffa47dff000 	C:\WINDOWS\System32\RPCRT4.dll
0x00007ffa46650000 - 0x00007ffa467df000 	C:\WINDOWS\System32\USER32.dll
0x00007ffa44fc0000 - 0x00007ffa44fe0000 	C:\WINDOWS\System32\win32u.dll
0x00007ffa480d0000 - 0x00007ffa480f8000 	C:\WINDOWS\System32\GDI32.dll
0x00007ffa45ea0000 - 0x00007ffa46033000 	C:\WINDOWS\System32\gdi32full.dll
0x00007ffa458b0000 - 0x00007ffa4594b000 	C:\WINDOWS\System32\msvcp_win.dll
0x00007ffa457b0000 - 0x00007ffa458a6000 	C:\WINDOWS\System32\ucrtbase.dll
0x00007ffa370c0000 - 0x00007ffa37329000 	C:\WINDOWS\WinSxS\amd64_microsoft.windows.common-controls_6595b64144ccf1df_6.0.16299.192_none_15c8cdae9364c23b\COMCTL32.dll
0x00007ffa485e0000 - 0x00007ffa488e8000 	C:\WINDOWS\System32\combase.dll
0x00007ffa44fe0000 - 0x00007ffa45052000 	C:\WINDOWS\System32\bcryptPrimitives.dll
0x00007ffa467e0000 - 0x00007ffa4680d000 	C:\WINDOWS\System32\IMM32.DLL
0x0000000076220000 - 0x00000000762f2000 	C:\Program Files\Java\jdk1.8.0_91\jre\bin\msvcr100.dll
0x0000000075240000 - 0x0000000075ad3000 	C:\Program Files\Java\jdk1.8.0_91\jre\bin\server\jvm.dll
0x00007ffa48010000 - 0x00007ffa48018000 	C:\WINDOWS\System32\PSAPI.DLL
0x00007ffa3cd40000 - 0x00007ffa3cd49000 	C:\WINDOWS\SYSTEM32\WSOCK32.dll
0x00007ffa3d130000 - 0x00007ffa3d13a000 	C:\WINDOWS\SYSTEM32\VERSION.dll
0x00007ffa41a50000 - 0x00007ffa41a73000 	C:\WINDOWS\SYSTEM32\WINMM.dll
0x00007ffa48370000 - 0x00007ffa483dc000 	C:\WINDOWS\System32\WS2_32.dll
0x00007ffa419f0000 - 0x00007ffa41a1a000 	C:\WINDOWS\SYSTEM32\WINMMBASE.dll
0x00007ffa44f70000 - 0x00007ffa44fba000 	C:\WINDOWS\System32\cfgmgr32.dll
0x0000000076210000 - 0x000000007621f000 	C:\Program Files\Java\jdk1.8.0_91\jre\bin\verify.dll
0x00000000761e0000 - 0x0000000076209000 	C:\Program Files\Java\jdk1.8.0_91\jre\bin\java.dll
0x0000000075220000 - 0x0000000075236000 	C:\Program Files\Java\jdk1.8.0_91\jre\bin\zip.dll

VM Arguments:
jvm_args: -Xmx2048M -Dfile.encoding=UTF8 
java_command: C:\Program Files\Unity\Editor\Data\PlaybackEngines\AndroidPlayer/Tools\sdktools.jar -
java_class_path (initial): C:\Program Files\Unity\Editor\Data\PlaybackEngines\AndroidPlayer/Tools\sdktools.jar
Launcher Type: SUN_STANDARD

Environment Variables:
PATH=C:\ProgramData\Oracle\Java\javapath;C:\Windows\system32;C:\Windows;C:\Windows\System32\Wbem;C:\Windows\System32\WindowsPowerShell\v1.0\;C:\Program Files (x86)\NVIDIA Corporation\PhysX\Common;C:\Program Files\dotnet\;C:\Program Files\Microsoft SQL Server\130\Tools\Binn\;C:\Program Files (x86)\GtkSharp\2.12\bin;C:\Program Files\nodejs\;C:\WINDOWS\system32;C:\WINDOWS;C:\WINDOWS\System32\Wbem;C:\WINDOWS\System32\WindowsPowerShell\v1.0\;C:\gtk\bin;C:\Users\bachi\AppData\Local\Microsoft\WindowsApps;;C:\Program Files\Microsoft VS Code\bin;C:\Users\bachi\AppData\Roaming\npm
USERNAME=bachi
OS=Windows_NT
PROCESSOR_IDENTIFIER=Intel64 Family 6 Model 94 Stepping 3, GenuineIntel



---------------  S Y S T E M  ---------------

OS: Windows 10.0 , 64 bit Build 16299 (10.0.16299.15)

CPU:total 4 (4 cores per cpu, 1 threads per core) family 6 model 94 stepping 3, cmov, cx8, fxsr, mmx, sse, sse2, sse3, ssse3, sse4.1, sse4.2, popcnt, avx, avx2, aes, clmul, erms, rtm, 3dnowpref, lzcnt, tsc, tscinvbit, bmi1, bmi2, adx

Memory: 4k page, physical 8298204k(1500744k free), swap 8298204k(5256k free)

vm_info: Java HotSpot(TM) 64-Bit Server VM (25.91-b15) for windows-amd64 JRE (1.8.0_91-b15), built on May 20 2016 17:43:15 by "java_re" with MS VC++ 10.0 (VS2010)

time: Tue Feb 06 14:33:22 2018
elapsed time: 0 seconds (0d 0h 0m 0s)

